Flow report for mux5_1
Thu Oct 18 15:29:48 2018
Quartus II 32-bit Version 11.1 Build 173 11/01/2011 SJ Web Edition


---------------------
; Table of Contents ;
---------------------
  1. Legal Notice
  2. Flow Summary
  3. Flow Settings
  4. Flow Non-Default Global Settings
  5. Flow Elapsed Time
  6. Flow OS Summary
  7. Flow Log



----------------
; Legal Notice ;
----------------
Copyright (C) 1991-2011 Altera Corporation
Your use of Altera Corporation's design tools, logic functions 
and other software and tools, and its AMPP partner logic 
functions, and any output files from any of the foregoing 
(including device programming or simulation files), and any 
associated documentation or information are expressly subject 
to the terms and conditions of the Altera Program License 
Subscription Agreement, Altera MegaCore Function License 
Agreement, or other applicable license agreement, including, 
without limitation, that your use is for the sole purpose of 
programming logic devices manufactured by Altera and sold by 
Altera or its authorized distributors.  Please refer to the 
applicable agreement for further details.



+-------------------------------------------------------------------------------+
; Flow Summary                                                                  ;
+------------------------------------+------------------------------------------+
; Flow Status                        ; Successful - Thu Oct 18 15:29:48 2018    ;
; Quartus II 32-bit Version          ; 11.1 Build 173 11/01/2011 SJ Web Edition ;
; Revision Name                      ; mux5_1                                   ;
; Top-level Entity Name              ; mux5_1                                   ;
; Family                             ; Cyclone II                               ;
; Device                             ; EP2C35F672C6                             ;
; Timing Models                      ; Final                                    ;
; Total logic elements               ; 9 / 33,216 ( < 1 % )                     ;
;     Total combinational functions  ; 9 / 33,216 ( < 1 % )                     ;
;     Dedicated logic registers      ; 0 / 33,216 ( 0 % )                       ;
; Total registers                    ; 0                                        ;
; Total pins                         ; 36 / 475 ( 8 % )                         ;
; Total virtual pins                 ; 0                                        ;
; Total memory bits                  ; 0 / 483,840 ( 0 % )                      ;
; Embedded Multiplier 9-bit elements ; 0 / 70 ( 0 % )                           ;
; Total PLLs                         ; 0 / 4 ( 0 % )                            ;
+------------------------------------+------------------------------------------+


+-----------------------------------------+
; Flow Settings                           ;
+-------------------+---------------------+
; Option            ; Setting             ;
+-------------------+---------------------+
; Start date & time ; 10/18/2018 15:29:16 ;
; Main task         ; Compilation         ;
; Revision Name     ; mux5_1              ;
+-------------------+---------------------+


+---------------------------------------------------------------------------------------------------------------------+
; Flow Non-Default Global Settings                                                                                    ;
+-------------------------------------+--------------------------------+---------------+-------------+----------------+
; Assignment Name                     ; Value                          ; Default Value ; Entity Name ; Section Id     ;
+-------------------------------------+--------------------------------+---------------+-------------+----------------+
; COMPILER_SIGNATURE_ID               ; 35296151686906.153986575602488 ; --            ; --          ; --             ;
; EDA_OUTPUT_DATA_FORMAT              ; Vhdl                           ; --            ; --          ; eda_simulation ;
; EDA_SIMULATION_TOOL                 ; ModelSim-Altera (VHDL)         ; <None>        ; --          ; --             ;
; MAX_CORE_JUNCTION_TEMP              ; 85                             ; --            ; --          ; --             ;
; MIN_CORE_JUNCTION_TEMP              ; 0                              ; --            ; --          ; --             ;
; PARTITION_COLOR                     ; 16764057                       ; --            ; --          ; Top            ;
; PARTITION_FITTER_PRESERVATION_LEVEL ; PLACEMENT_AND_ROUTING          ; --            ; --          ; Top            ;
; PARTITION_NETLIST_TYPE              ; SOURCE                         ; --            ; --          ; Top            ;
+-------------------------------------+--------------------------------+---------------+-------------+----------------+


+-------------------------------------------------------------------------------------------------------------------------------+
; Flow Elapsed Time                                                                                                             ;
+---------------------------+--------------+-------------------------+---------------------+------------------------------------+
; Module Name               ; Elapsed Time ; Average Processors Used ; Peak Virtual Memory ; Total CPU Time (on all processors) ;
+---------------------------+--------------+-------------------------+---------------------+------------------------------------+
; Analysis & Synthesis      ; 00:00:04     ; 1.0                     ; 386 MB              ; 00:00:03                           ;
; Fitter                    ; 00:00:12     ; 1.0                     ; 482 MB              ; 00:00:07                           ;
; Assembler                 ; 00:00:06     ; 1.0                     ; 404 MB              ; 00:00:05                           ;
; TimeQuest Timing Analyzer ; 00:00:06     ; 1.0                     ; 367 MB              ; 00:00:03                           ;
; EDA Netlist Writer        ; 00:00:01     ; 1.0                     ; 321 MB              ; 00:00:01                           ;
; Total                     ; 00:00:29     ; --                      ; --                  ; 00:00:19                           ;
+---------------------------+--------------+-------------------------+---------------------+------------------------------------+


+----------------------------------------------------------------------------------------+
; Flow OS Summary                                                                        ;
+---------------------------+------------------+-----------+------------+----------------+
; Module Name               ; Machine Hostname ; OS Name   ; OS Version ; Processor type ;
+---------------------------+------------------+-----------+------------+----------------+
; Analysis & Synthesis      ; DESKTOP-719S7CQ  ; Windows 7 ; 6.2        ; x86_64         ;
; Fitter                    ; DESKTOP-719S7CQ  ; Windows 7 ; 6.2        ; x86_64         ;
; Assembler                 ; DESKTOP-719S7CQ  ; Windows 7 ; 6.2        ; x86_64         ;
; TimeQuest Timing Analyzer ; DESKTOP-719S7CQ  ; Windows 7 ; 6.2        ; x86_64         ;
; EDA Netlist Writer        ; DESKTOP-719S7CQ  ; Windows 7 ; 6.2        ; x86_64         ;
+---------------------------+------------------+-----------+------------+----------------+


------------
; Flow Log ;
------------
quartus_map --read_settings_files=on --write_settings_files=off mux5_1 -c mux5_1
quartus_fit --read_settings_files=off --write_settings_files=off mux5_1 -c mux5_1
quartus_asm --read_settings_files=off --write_settings_files=off mux5_1 -c mux5_1
quartus_sta mux5_1 -c mux5_1
quartus_eda --read_settings_files=off --write_settings_files=off mux5_1 -c mux5_1



